Vivado Simulator 2020.1
Time resolution is 1 ps
Warning: TEXTIO function READ: line is empty
Time: 150 ns  Iteration: 1  Process: /project_tb/MEM  File: C:/Users/emili/Documents/SCUOLA/POLITECNICO/3ANNO/Progetto_reti_logiche/Progetto-Reti-Logiche-20-21/tests/RL-generator-2020-2021/gen_testbench_reset.vhd
Warning: TEXTIO function READ: line is empty
Time: 534850 ns  Iteration: 1  Process: /project_tb/MEM  File: C:/Users/emili/Documents/SCUOLA/POLITECNICO/3ANNO/Progetto_reti_logiche/Progetto-Reti-Logiche-20-21/tests/RL-generator-2020-2021/gen_testbench_reset.vhd
Warning: TEXTIO function READ: line is empty
Time: 534850 ns  Iteration: 1  Process: /project_tb/MEM  File: C:/Users/emili/Documents/SCUOLA/POLITECNICO/3ANNO/Progetto_reti_logiche/Progetto-Reti-Logiche-20-21/tests/RL-generator-2020-2021/gen_testbench_reset.vhd
Warning: TEXTIO function READ: line is empty
Time: 534850 ns  Iteration: 1  Process: /project_tb/MEM  File: C:/Users/emili/Documents/SCUOLA/POLITECNICO/3ANNO/Progetto_reti_logiche/Progetto-Reti-Logiche-20-21/tests/RL-generator-2020-2021/gen_testbench_reset.vhd
Error: File C:\Users\emili\Documents\SCUOLA\POLITECNICO\3ANNO\Progetto_reti_logiche\Progetto-Reti-Logiche-20-21\tests\RL-generator-2020-2021\ram_content_custom.txt is already at the end of file, nothing to read
Time: 534850 ns  Iteration: 1  Process: /project_tb/MEM  File: C:/Users/emili/Documents/SCUOLA/POLITECNICO/3ANNO/Progetto_reti_logiche/Progetto-Reti-Logiche-20-21/tests/RL-generator-2020-2021/gen_testbench_reset.vhd
Warning: TEXTIO function READ: line is empty
Time: 534850 ns  Iteration: 1  Process: /project_tb/MEM  File: C:/Users/emili/Documents/SCUOLA/POLITECNICO/3ANNO/Progetto_reti_logiche/Progetto-Reti-Logiche-20-21/tests/RL-generator-2020-2021/gen_testbench_reset.vhd
Error: File C:\Users\emili\Documents\SCUOLA\POLITECNICO\3ANNO\Progetto_reti_logiche\Progetto-Reti-Logiche-20-21\tests\RL-generator-2020-2021\ram_content_custom.txt is already at the end of file, nothing to read
Time: 534850 ns  Iteration: 1  Process: /project_tb/MEM  File: C:/Users/emili/Documents/SCUOLA/POLITECNICO/3ANNO/Progetto_reti_logiche/Progetto-Reti-Logiche-20-21/tests/RL-generator-2020-2021/gen_testbench_reset.vhd
Warning: TEXTIO function READ: line is empty
Time: 534850 ns  Iteration: 1  Process: /project_tb/MEM  File: C:/Users/emili/Documents/SCUOLA/POLITECNICO/3ANNO/Progetto_reti_logiche/Progetto-Reti-Logiche-20-21/tests/RL-generator-2020-2021/gen_testbench_reset.vhd
Error: File C:\Users\emili\Documents\SCUOLA\POLITECNICO\3ANNO\Progetto_reti_logiche\Progetto-Reti-Logiche-20-21\tests\RL-generator-2020-2021\ram_content_custom.txt is already at the end of file, nothing to read
Time: 534850 ns  Iteration: 1  Process: /project_tb/MEM  File: C:/Users/emili/Documents/SCUOLA/POLITECNICO/3ANNO/Progetto_reti_logiche/Progetto-Reti-Logiche-20-21/tests/RL-generator-2020-2021/gen_testbench_reset.vhd
Warning: TEXTIO function READ: line is empty
Time: 534850 ns  Iteration: 1  Process: /project_tb/MEM  File: C:/Users/emili/Documents/SCUOLA/POLITECNICO/3ANNO/Progetto_reti_logiche/Progetto-Reti-Logiche-20-21/tests/RL-generator-2020-2021/gen_testbench_reset.vhd
Error: File C:\Users\emili\Documents\SCUOLA\POLITECNICO\3ANNO\Progetto_reti_logiche\Progetto-Reti-Logiche-20-21\tests\RL-generator-2020-2021\ram_content_custom.txt is already at the end of file, nothing to read
Time: 534850 ns  Iteration: 1  Process: /project_tb/MEM  File: C:/Users/emili/Documents/SCUOLA/POLITECNICO/3ANNO/Progetto_reti_logiche/Progetto-Reti-Logiche-20-21/tests/RL-generator-2020-2021/gen_testbench_reset.vhd
Warning: TEXTIO function READ: line is empty
Time: 534850 ns  Iteration: 1  Process: /project_tb/MEM  File: C:/Users/emili/Documents/SCUOLA/POLITECNICO/3ANNO/Progetto_reti_logiche/Progetto-Reti-Logiche-20-21/tests/RL-generator-2020-2021/gen_testbench_reset.vhd
Error: File C:\Users\emili\Documents\SCUOLA\POLITECNICO\3ANNO\Progetto_reti_logiche\Progetto-Reti-Logiche-20-21\tests\RL-generator-2020-2021\ram_content_custom.txt is already at the end of file, nothing to read
Time: 534850 ns  Iteration: 1  Process: /project_tb/MEM  File: C:/Users/emili/Documents/SCUOLA/POLITECNICO/3ANNO/Progetto_reti_logiche/Progetto-Reti-Logiche-20-21/tests/RL-generator-2020-2021/gen_testbench_reset.vhd
Warning: TEXTIO function READ: line is empty
Time: 534850 ns  Iteration: 1  Process: /project_tb/MEM  File: C:/Users/emili/Documents/SCUOLA/POLITECNICO/3ANNO/Progetto_reti_logiche/Progetto-Reti-Logiche-20-21/tests/RL-generator-2020-2021/gen_testbench_reset.vhd
Error: File C:\Users\emili\Documents\SCUOLA\POLITECNICO\3ANNO\Progetto_reti_logiche\Progetto-Reti-Logiche-20-21\tests\RL-generator-2020-2021\ram_content_custom.txt is already at the end of file, nothing to read
Time: 534850 ns  Iteration: 1  Process: /project_tb/MEM  File: C:/Users/emili/Documents/SCUOLA/POLITECNICO/3ANNO/Progetto_reti_logiche/Progetto-Reti-Logiche-20-21/tests/RL-generator-2020-2021/gen_testbench_reset.vhd
Warning: TEXTIO function READ: line is empty
Time: 534850 ns  Iteration: 1  Process: /project_tb/MEM  File: C:/Users/emili/Documents/SCUOLA/POLITECNICO/3ANNO/Progetto_reti_logiche/Progetto-Reti-Logiche-20-21/tests/RL-generator-2020-2021/gen_testbench_reset.vhd
Error: File C:\Users\emili\Documents\SCUOLA\POLITECNICO\3ANNO\Progetto_reti_logiche\Progetto-Reti-Logiche-20-21\tests\RL-generator-2020-2021\ram_content_custom.txt is already at the end of file, nothing to read
Time: 534850 ns  Iteration: 1  Process: /project_tb/MEM  File: C:/Users/emili/Documents/SCUOLA/POLITECNICO/3ANNO/Progetto_reti_logiche/Progetto-Reti-Logiche-20-21/tests/RL-generator-2020-2021/gen_testbench_reset.vhd
Warning: TEXTIO function READ: line is empty
Time: 534850 ns  Iteration: 1  Process: /project_tb/MEM  File: C:/Users/emili/Documents/SCUOLA/POLITECNICO/3ANNO/Progetto_reti_logiche/Progetto-Reti-Logiche-20-21/tests/RL-generator-2020-2021/gen_testbench_reset.vhd
Error: File C:\Users\emili\Documents\SCUOLA\POLITECNICO\3ANNO\Progetto_reti_logiche\Progetto-Reti-Logiche-20-21\tests\RL-generator-2020-2021\ram_content_custom.txt is already at the end of file, nothing to read
Time: 534850 ns  Iteration: 1  Process: /project_tb/MEM  File: C:/Users/emili/Documents/SCUOLA/POLITECNICO/3ANNO/Progetto_reti_logiche/Progetto-Reti-Logiche-20-21/tests/RL-generator-2020-2021/gen_testbench_reset.vhd
Warning: TEXTIO function READ: line is empty
Time: 534850 ns  Iteration: 1  Process: /project_tb/MEM  File: C:/Users/emili/Documents/SCUOLA/POLITECNICO/3ANNO/Progetto_reti_logiche/Progetto-Reti-Logiche-20-21/tests/RL-generator-2020-2021/gen_testbench_reset.vhd
Error: File C:\Users\emili\Documents\SCUOLA\POLITECNICO\3ANNO\Progetto_reti_logiche\Progetto-Reti-Logiche-20-21\tests\RL-generator-2020-2021\ram_content_custom.txt is already at the end of file, nothing to read
Time: 534850 ns  Iteration: 1  Process: /project_tb/MEM  File: C:/Users/emili/Documents/SCUOLA/POLITECNICO/3ANNO/Progetto_reti_logiche/Progetto-Reti-Logiche-20-21/tests/RL-generator-2020-2021/gen_testbench_reset.vhd
Warning: TEXTIO function READ: line is empty
Time: 534850 ns  Iteration: 1  Process: /project_tb/MEM  File: C:/Users/emili/Documents/SCUOLA/POLITECNICO/3ANNO/Progetto_reti_logiche/Progetto-Reti-Logiche-20-21/tests/RL-generator-2020-2021/gen_testbench_reset.vhd
Error: File C:\Users\emili\Documents\SCUOLA\POLITECNICO\3ANNO\Progetto_reti_logiche\Progetto-Reti-Logiche-20-21\tests\RL-generator-2020-2021\ram_content_custom.txt is already at the end of file, nothing to read
Time: 534850 ns  Iteration: 1  Process: /project_tb/MEM  File: C:/Users/emili/Documents/SCUOLA/POLITECNICO/3ANNO/Progetto_reti_logiche/Progetto-Reti-Logiche-20-21/tests/RL-generator-2020-2021/gen_testbench_reset.vhd
Warning: TEXTIO function READ: line is empty
Time: 534850 ns  Iteration: 1  Process: /project_tb/MEM  File: C:/Users/emili/Documents/SCUOLA/POLITECNICO/3ANNO/Progetto_reti_logiche/Progetto-Reti-Logiche-20-21/tests/RL-generator-2020-2021/gen_testbench_reset.vhd
Error: File C:\Users\emili\Documents\SCUOLA\POLITECNICO\3ANNO\Progetto_reti_logiche\Progetto-Reti-Logiche-20-21\tests\RL-generator-2020-2021\ram_content_custom.txt is already at the end of file, nothing to read
Time: 534850 ns  Iteration: 1  Process: /project_tb/MEM  File: C:/Users/emili/Documents/SCUOLA/POLITECNICO/3ANNO/Progetto_reti_logiche/Progetto-Reti-Logiche-20-21/tests/RL-generator-2020-2021/gen_testbench_reset.vhd
Warning: TEXTIO function READ: line is empty
Time: 534850 ns  Iteration: 1  Process: /project_tb/MEM  File: C:/Users/emili/Documents/SCUOLA/POLITECNICO/3ANNO/Progetto_reti_logiche/Progetto-Reti-Logiche-20-21/tests/RL-generator-2020-2021/gen_testbench_reset.vhd
Error: File C:\Users\emili\Documents\SCUOLA\POLITECNICO\3ANNO\Progetto_reti_logiche\Progetto-Reti-Logiche-20-21\tests\RL-generator-2020-2021\ram_content_custom.txt is already at the end of file, nothing to read
Time: 534850 ns  Iteration: 1  Process: /project_tb/MEM  File: C:/Users/emili/Documents/SCUOLA/POLITECNICO/3ANNO/Progetto_reti_logiche/Progetto-Reti-Logiche-20-21/tests/RL-generator-2020-2021/gen_testbench_reset.vhd
Warning: TEXTIO function READ: line is empty
Time: 534850 ns  Iteration: 1  Process: /project_tb/MEM  File: C:/Users/emili/Documents/SCUOLA/POLITECNICO/3ANNO/Progetto_reti_logiche/Progetto-Reti-Logiche-20-21/tests/RL-generator-2020-2021/gen_testbench_reset.vhd
Error: File C:\Users\emili\Documents\SCUOLA\POLITECNICO\3ANNO\Progetto_reti_logiche\Progetto-Reti-Logiche-20-21\tests\RL-generator-2020-2021\ram_content_custom.txt is already at the end of file, nothing to read
Time: 534850 ns  Iteration: 1  Process: /project_tb/MEM  File: C:/Users/emili/Documents/SCUOLA/POLITECNICO/3ANNO/Progetto_reti_logiche/Progetto-Reti-Logiche-20-21/tests/RL-generator-2020-2021/gen_testbench_reset.vhd
Warning: TEXTIO function READ: line is empty
Time: 534850 ns  Iteration: 1  Process: /project_tb/MEM  File: C:/Users/emili/Documents/SCUOLA/POLITECNICO/3ANNO/Progetto_reti_logiche/Progetto-Reti-Logiche-20-21/tests/RL-generator-2020-2021/gen_testbench_reset.vhd
Error: File C:\Users\emili\Documents\SCUOLA\POLITECNICO\3ANNO\Progetto_reti_logiche\Progetto-Reti-Logiche-20-21\tests\RL-generator-2020-2021\ram_content_custom.txt is already at the end of file, nothing to read
Time: 534850 ns  Iteration: 1  Process: /project_tb/MEM  File: C:/Users/emili/Documents/SCUOLA/POLITECNICO/3ANNO/Progetto_reti_logiche/Progetto-Reti-Logiche-20-21/tests/RL-generator-2020-2021/gen_testbench_reset.vhd
Warning: TEXTIO function READ: line is empty
Time: 534850 ns  Iteration: 1  Process: /project_tb/MEM  File: C:/Users/emili/Documents/SCUOLA/POLITECNICO/3ANNO/Progetto_reti_logiche/Progetto-Reti-Logiche-20-21/tests/RL-generator-2020-2021/gen_testbench_reset.vhd
Error: File C:\Users\emili\Documents\SCUOLA\POLITECNICO\3ANNO\Progetto_reti_logiche\Progetto-Reti-Logiche-20-21\tests\RL-generator-2020-2021\ram_content_custom.txt is already at the end of file, nothing to read
Time: 534850 ns  Iteration: 1  Process: /project_tb/MEM  File: C:/Users/emili/Documents/SCUOLA/POLITECNICO/3ANNO/Progetto_reti_logiche/Progetto-Reti-Logiche-20-21/tests/RL-generator-2020-2021/gen_testbench_reset.vhd
Warning: TEXTIO function READ: line is empty
Time: 534850 ns  Iteration: 1  Process: /project_tb/MEM  File: C:/Users/emili/Documents/SCUOLA/POLITECNICO/3ANNO/Progetto_reti_logiche/Progetto-Reti-Logiche-20-21/tests/RL-generator-2020-2021/gen_testbench_reset.vhd
Error: File C:\Users\emili\Documents\SCUOLA\POLITECNICO\3ANNO\Progetto_reti_logiche\Progetto-Reti-Logiche-20-21\tests\RL-generator-2020-2021\ram_content_custom.txt is already at the end of file, nothing to read
Time: 534850 ns  Iteration: 1  Process: /project_tb/MEM  File: C:/Users/emili/Documents/SCUOLA/POLITECNICO/3ANNO/Progetto_reti_logiche/Progetto-Reti-Logiche-20-21/tests/RL-generator-2020-2021/gen_testbench_reset.vhd
Warning: TEXTIO function READ: line is empty
Time: 534850 ns  Iteration: 1  Process: /project_tb/MEM  File: C:/Users/emili/Documents/SCUOLA/POLITECNICO/3ANNO/Progetto_reti_logiche/Progetto-Reti-Logiche-20-21/tests/RL-generator-2020-2021/gen_testbench_reset.vhd
Error: File C:\Users\emili\Documents\SCUOLA\POLITECNICO\3ANNO\Progetto_reti_logiche\Progetto-Reti-Logiche-20-21\tests\RL-generator-2020-2021\ram_content_custom.txt is already at the end of file, nothing to read
Time: 534850 ns  Iteration: 1  Process: /project_tb/MEM  File: C:/Users/emili/Documents/SCUOLA/POLITECNICO/3ANNO/Progetto_reti_logiche/Progetto-Reti-Logiche-20-21/tests/RL-generator-2020-2021/gen_testbench_reset.vhd
Warning: TEXTIO function READ: line is empty
Time: 534850 ns  Iteration: 1  Process: /project_tb/MEM  File: C:/Users/emili/Documents/SCUOLA/POLITECNICO/3ANNO/Progetto_reti_logiche/Progetto-Reti-Logiche-20-21/tests/RL-generator-2020-2021/gen_testbench_reset.vhd
Error: File C:\Users\emili\Documents\SCUOLA\POLITECNICO\3ANNO\Progetto_reti_logiche\Progetto-Reti-Logiche-20-21\tests\RL-generator-2020-2021\ram_content_custom.txt is already at the end of file, nothing to read
Time: 534850 ns  Iteration: 1  Process: /project_tb/MEM  File: C:/Users/emili/Documents/SCUOLA/POLITECNICO/3ANNO/Progetto_reti_logiche/Progetto-Reti-Logiche-20-21/tests/RL-generator-2020-2021/gen_testbench_reset.vhd
Warning: TEXTIO function READ: line is empty
Time: 534850 ns  Iteration: 1  Process: /project_tb/MEM  File: C:/Users/emili/Documents/SCUOLA/POLITECNICO/3ANNO/Progetto_reti_logiche/Progetto-Reti-Logiche-20-21/tests/RL-generator-2020-2021/gen_testbench_reset.vhd
Error: File C:\Users\emili\Documents\SCUOLA\POLITECNICO\3ANNO\Progetto_reti_logiche\Progetto-Reti-Logiche-20-21\tests\RL-generator-2020-2021\ram_content_custom.txt is already at the end of file, nothing to read
Time: 534850 ns  Iteration: 1  Process: /project_tb/MEM  File: C:/Users/emili/Documents/SCUOLA/POLITECNICO/3ANNO/Progetto_reti_logiche/Progetto-Reti-Logiche-20-21/tests/RL-generator-2020-2021/gen_testbench_reset.vhd
Warning: TEXTIO function READ: line is empty
Time: 534850 ns  Iteration: 1  Process: /project_tb/MEM  File: C:/Users/emili/Documents/SCUOLA/POLITECNICO/3ANNO/Progetto_reti_logiche/Progetto-Reti-Logiche-20-21/tests/RL-generator-2020-2021/gen_testbench_reset.vhd
Error: File C:\Users\emili\Documents\SCUOLA\POLITECNICO\3ANNO\Progetto_reti_logiche\Progetto-Reti-Logiche-20-21\tests\RL-generator-2020-2021\ram_content_custom.txt is already at the end of file, nothing to read
Time: 534850 ns  Iteration: 1  Process: /project_tb/MEM  File: C:/Users/emili/Documents/SCUOLA/POLITECNICO/3ANNO/Progetto_reti_logiche/Progetto-Reti-Logiche-20-21/tests/RL-generator-2020-2021/gen_testbench_reset.vhd
Warning: TEXTIO function READ: line is empty
Time: 534850 ns  Iteration: 1  Process: /project_tb/MEM  File: C:/Users/emili/Documents/SCUOLA/POLITECNICO/3ANNO/Progetto_reti_logiche/Progetto-Reti-Logiche-20-21/tests/RL-generator-2020-2021/gen_testbench_reset.vhd
Error: File C:\Users\emili\Documents\SCUOLA\POLITECNICO\3ANNO\Progetto_reti_logiche\Progetto-Reti-Logiche-20-21\tests\RL-generator-2020-2021\ram_content_custom.txt is already at the end of file, nothing to read
Time: 534850 ns  Iteration: 1  Process: /project_tb/MEM  File: C:/Users/emili/Documents/SCUOLA/POLITECNICO/3ANNO/Progetto_reti_logiche/Progetto-Reti-Logiche-20-21/tests/RL-generator-2020-2021/gen_testbench_reset.vhd
Warning: TEXTIO function READ: line is empty
Time: 534850 ns  Iteration: 1  Process: /project_tb/MEM  File: C:/Users/emili/Documents/SCUOLA/POLITECNICO/3ANNO/Progetto_reti_logiche/Progetto-Reti-Logiche-20-21/tests/RL-generator-2020-2021/gen_testbench_reset.vhd
Error: File C:\Users\emili\Documents\SCUOLA\POLITECNICO\3ANNO\Progetto_reti_logiche\Progetto-Reti-Logiche-20-21\tests\RL-generator-2020-2021\ram_content_custom.txt is already at the end of file, nothing to read
Time: 534850 ns  Iteration: 1  Process: /project_tb/MEM  File: C:/Users/emili/Documents/SCUOLA/POLITECNICO/3ANNO/Progetto_reti_logiche/Progetto-Reti-Logiche-20-21/tests/RL-generator-2020-2021/gen_testbench_reset.vhd
Warning: TEXTIO function READ: line is empty
Time: 534850 ns  Iteration: 1  Process: /project_tb/MEM  File: C:/Users/emili/Documents/SCUOLA/POLITECNICO/3ANNO/Progetto_reti_logiche/Progetto-Reti-Logiche-20-21/tests/RL-generator-2020-2021/gen_testbench_reset.vhd
Error: File C:\Users\emili\Documents\SCUOLA\POLITECNICO\3ANNO\Progetto_reti_logiche\Progetto-Reti-Logiche-20-21\tests\RL-generator-2020-2021\ram_content_custom.txt is already at the end of file, nothing to read
Time: 534850 ns  Iteration: 1  Process: /project_tb/MEM  File: C:/Users/emili/Documents/SCUOLA/POLITECNICO/3ANNO/Progetto_reti_logiche/Progetto-Reti-Logiche-20-21/tests/RL-generator-2020-2021/gen_testbench_reset.vhd
Warning: TEXTIO function READ: line is empty
Time: 534850 ns  Iteration: 1  Process: /project_tb/MEM  File: C:/Users/emili/Documents/SCUOLA/POLITECNICO/3ANNO/Progetto_reti_logiche/Progetto-Reti-Logiche-20-21/tests/RL-generator-2020-2021/gen_testbench_reset.vhd
Error: File C:\Users\emili\Documents\SCUOLA\POLITECNICO\3ANNO\Progetto_reti_logiche\Progetto-Reti-Logiche-20-21\tests\RL-generator-2020-2021\ram_content_custom.txt is already at the end of file, nothing to read
Time: 534850 ns  Iteration: 1  Process: /project_tb/MEM  File: C:/Users/emili/Documents/SCUOLA/POLITECNICO/3ANNO/Progetto_reti_logiche/Progetto-Reti-Logiche-20-21/tests/RL-generator-2020-2021/gen_testbench_reset.vhd
Warning: TEXTIO function READ: line is empty
Time: 534850 ns  Iteration: 1  Process: /project_tb/MEM  File: C:/Users/emili/Documents/SCUOLA/POLITECNICO/3ANNO/Progetto_reti_logiche/Progetto-Reti-Logiche-20-21/tests/RL-generator-2020-2021/gen_testbench_reset.vhd
Error: File C:\Users\emili\Documents\SCUOLA\POLITECNICO\3ANNO\Progetto_reti_logiche\Progetto-Reti-Logiche-20-21\tests\RL-generator-2020-2021\ram_content_custom.txt is already at the end of file, nothing to read
Time: 534850 ns  Iteration: 1  Process: /project_tb/MEM  File: C:/Users/emili/Documents/SCUOLA/POLITECNICO/3ANNO/Progetto_reti_logiche/Progetto-Reti-Logiche-20-21/tests/RL-generator-2020-2021/gen_testbench_reset.vhd
Warning: TEXTIO function READ: line is empty
Time: 534850 ns  Iteration: 1  Process: /project_tb/MEM  File: C:/Users/emili/Documents/SCUOLA/POLITECNICO/3ANNO/Progetto_reti_logiche/Progetto-Reti-Logiche-20-21/tests/RL-generator-2020-2021/gen_testbench_reset.vhd
Error: File C:\Users\emili\Documents\SCUOLA\POLITECNICO\3ANNO\Progetto_reti_logiche\Progetto-Reti-Logiche-20-21\tests\RL-generator-2020-2021\ram_content_custom.txt is already at the end of file, nothing to read
Time: 534850 ns  Iteration: 1  Process: /project_tb/MEM  File: C:/Users/emili/Documents/SCUOLA/POLITECNICO/3ANNO/Progetto_reti_logiche/Progetto-Reti-Logiche-20-21/tests/RL-generator-2020-2021/gen_testbench_reset.vhd
Warning: TEXTIO function READ: line is empty
Time: 534850 ns  Iteration: 1  Process: /project_tb/MEM  File: C:/Users/emili/Documents/SCUOLA/POLITECNICO/3ANNO/Progetto_reti_logiche/Progetto-Reti-Logiche-20-21/tests/RL-generator-2020-2021/gen_testbench_reset.vhd
Error: File C:\Users\emili\Documents\SCUOLA\POLITECNICO\3ANNO\Progetto_reti_logiche\Progetto-Reti-Logiche-20-21\tests\RL-generator-2020-2021\ram_content_custom.txt is already at the end of file, nothing to read
Time: 534850 ns  Iteration: 1  Process: /project_tb/MEM  File: C:/Users/emili/Documents/SCUOLA/POLITECNICO/3ANNO/Progetto_reti_logiche/Progetto-Reti-Logiche-20-21/tests/RL-generator-2020-2021/gen_testbench_reset.vhd
Warning: TEXTIO function READ: line is empty
Time: 534850 ns  Iteration: 1  Process: /project_tb/MEM  File: C:/Users/emili/Documents/SCUOLA/POLITECNICO/3ANNO/Progetto_reti_logiche/Progetto-Reti-Logiche-20-21/tests/RL-generator-2020-2021/gen_testbench_reset.vhd
Error: File C:\Users\emili\Documents\SCUOLA\POLITECNICO\3ANNO\Progetto_reti_logiche\Progetto-Reti-Logiche-20-21\tests\RL-generator-2020-2021\ram_content_custom.txt is already at the end of file, nothing to read
Time: 534850 ns  Iteration: 1  Process: /project_tb/MEM  File: C:/Users/emili/Documents/SCUOLA/POLITECNICO/3ANNO/Progetto_reti_logiche/Progetto-Reti-Logiche-20-21/tests/RL-generator-2020-2021/gen_testbench_reset.vhd
Warning: TEXTIO function READ: line is empty
Time: 534850 ns  Iteration: 1  Process: /project_tb/MEM  File: C:/Users/emili/Documents/SCUOLA/POLITECNICO/3ANNO/Progetto_reti_logiche/Progetto-Reti-Logiche-20-21/tests/RL-generator-2020-2021/gen_testbench_reset.vhd
Error: File C:\Users\emili\Documents\SCUOLA\POLITECNICO\3ANNO\Progetto_reti_logiche\Progetto-Reti-Logiche-20-21\tests\RL-generator-2020-2021\ram_content_custom.txt is already at the end of file, nothing to read
Time: 534850 ns  Iteration: 1  Process: /project_tb/MEM  File: C:/Users/emili/Documents/SCUOLA/POLITECNICO/3ANNO/Progetto_reti_logiche/Progetto-Reti-Logiche-20-21/tests/RL-generator-2020-2021/gen_testbench_reset.vhd
Warning: TEXTIO function READ: line is empty
Time: 534850 ns  Iteration: 1  Process: /project_tb/MEM  File: C:/Users/emili/Documents/SCUOLA/POLITECNICO/3ANNO/Progetto_reti_logiche/Progetto-Reti-Logiche-20-21/tests/RL-generator-2020-2021/gen_testbench_reset.vhd
Error: File C:\Users\emili\Documents\SCUOLA\POLITECNICO\3ANNO\Progetto_reti_logiche\Progetto-Reti-Logiche-20-21\tests\RL-generator-2020-2021\ram_content_custom.txt is already at the end of file, nothing to read
Time: 534850 ns  Iteration: 1  Process: /project_tb/MEM  File: C:/Users/emili/Documents/SCUOLA/POLITECNICO/3ANNO/Progetto_reti_logiche/Progetto-Reti-Logiche-20-21/tests/RL-generator-2020-2021/gen_testbench_reset.vhd
Warning: TEXTIO function READ: line is empty
Time: 534850 ns  Iteration: 1  Process: /project_tb/MEM  File: C:/Users/emili/Documents/SCUOLA/POLITECNICO/3ANNO/Progetto_reti_logiche/Progetto-Reti-Logiche-20-21/tests/RL-generator-2020-2021/gen_testbench_reset.vhd
Error: File C:\Users\emili\Documents\SCUOLA\POLITECNICO\3ANNO\Progetto_reti_logiche\Progetto-Reti-Logiche-20-21\tests\RL-generator-2020-2021\ram_content_custom.txt is already at the end of file, nothing to read
Time: 534850 ns  Iteration: 1  Process: /project_tb/MEM  File: C:/Users/emili/Documents/SCUOLA/POLITECNICO/3ANNO/Progetto_reti_logiche/Progetto-Reti-Logiche-20-21/tests/RL-generator-2020-2021/gen_testbench_reset.vhd
Warning: TEXTIO function READ: line is empty
Time: 534850 ns  Iteration: 1  Process: /project_tb/MEM  File: C:/Users/emili/Documents/SCUOLA/POLITECNICO/3ANNO/Progetto_reti_logiche/Progetto-Reti-Logiche-20-21/tests/RL-generator-2020-2021/gen_testbench_reset.vhd
Error: File C:\Users\emili\Documents\SCUOLA\POLITECNICO\3ANNO\Progetto_reti_logiche\Progetto-Reti-Logiche-20-21\tests\RL-generator-2020-2021\ram_content_custom.txt is already at the end of file, nothing to read
Time: 534850 ns  Iteration: 1  Process: /project_tb/MEM  File: C:/Users/emili/Documents/SCUOLA/POLITECNICO/3ANNO/Progetto_reti_logiche/Progetto-Reti-Logiche-20-21/tests/RL-generator-2020-2021/gen_testbench_reset.vhd
Warning: TEXTIO function READ: line is empty
Time: 534850 ns  Iteration: 1  Process: /project_tb/MEM  File: C:/Users/emili/Documents/SCUOLA/POLITECNICO/3ANNO/Progetto_reti_logiche/Progetto-Reti-Logiche-20-21/tests/RL-generator-2020-2021/gen_testbench_reset.vhd
Error: File C:\Users\emili\Documents\SCUOLA\POLITECNICO\3ANNO\Progetto_reti_logiche\Progetto-Reti-Logiche-20-21\tests\RL-generator-2020-2021\ram_content_custom.txt is already at the end of file, nothing to read
Time: 534850 ns  Iteration: 1  Process: /project_tb/MEM  File: C:/Users/emili/Documents/SCUOLA/POLITECNICO/3ANNO/Progetto_reti_logiche/Progetto-Reti-Logiche-20-21/tests/RL-generator-2020-2021/gen_testbench_reset.vhd
Warning: TEXTIO function READ: line is empty
Time: 534850 ns  Iteration: 1  Process: /project_tb/MEM  File: C:/Users/emili/Documents/SCUOLA/POLITECNICO/3ANNO/Progetto_reti_logiche/Progetto-Reti-Logiche-20-21/tests/RL-generator-2020-2021/gen_testbench_reset.vhd
Error: File C:\Users\emili\Documents\SCUOLA\POLITECNICO\3ANNO\Progetto_reti_logiche\Progetto-Reti-Logiche-20-21\tests\RL-generator-2020-2021\ram_content_custom.txt is already at the end of file, nothing to read
Time: 534850 ns  Iteration: 1  Process: /project_tb/MEM  File: C:/Users/emili/Documents/SCUOLA/POLITECNICO/3ANNO/Progetto_reti_logiche/Progetto-Reti-Logiche-20-21/tests/RL-generator-2020-2021/gen_testbench_reset.vhd
Warning: TEXTIO function READ: line is empty
Time: 534850 ns  Iteration: 1  Process: /project_tb/MEM  File: C:/Users/emili/Documents/SCUOLA/POLITECNICO/3ANNO/Progetto_reti_logiche/Progetto-Reti-Logiche-20-21/tests/RL-generator-2020-2021/gen_testbench_reset.vhd
Error: File C:\Users\emili\Documents\SCUOLA\POLITECNICO\3ANNO\Progetto_reti_logiche\Progetto-Reti-Logiche-20-21\tests\RL-generator-2020-2021\ram_content_custom.txt is already at the end of file, nothing to read
Time: 534850 ns  Iteration: 1  Process: /project_tb/MEM  File: C:/Users/emili/Documents/SCUOLA/POLITECNICO/3ANNO/Progetto_reti_logiche/Progetto-Reti-Logiche-20-21/tests/RL-generator-2020-2021/gen_testbench_reset.vhd
Warning: TEXTIO function READ: line is empty
Time: 534850 ns  Iteration: 1  Process: /project_tb/MEM  File: C:/Users/emili/Documents/SCUOLA/POLITECNICO/3ANNO/Progetto_reti_logiche/Progetto-Reti-Logiche-20-21/tests/RL-generator-2020-2021/gen_testbench_reset.vhd
Error: File C:\Users\emili\Documents\SCUOLA\POLITECNICO\3ANNO\Progetto_reti_logiche\Progetto-Reti-Logiche-20-21\tests\RL-generator-2020-2021\ram_content_custom.txt is already at the end of file, nothing to read
Time: 534850 ns  Iteration: 1  Process: /project_tb/MEM  File: C:/Users/emili/Documents/SCUOLA/POLITECNICO/3ANNO/Progetto_reti_logiche/Progetto-Reti-Logiche-20-21/tests/RL-generator-2020-2021/gen_testbench_reset.vhd
Warning: TEXTIO function READ: line is empty
Time: 534850 ns  Iteration: 1  Process: /project_tb/MEM  File: C:/Users/emili/Documents/SCUOLA/POLITECNICO/3ANNO/Progetto_reti_logiche/Progetto-Reti-Logiche-20-21/tests/RL-generator-2020-2021/gen_testbench_reset.vhd
Error: File C:\Users\emili\Documents\SCUOLA\POLITECNICO\3ANNO\Progetto_reti_logiche\Progetto-Reti-Logiche-20-21\tests\RL-generator-2020-2021\ram_content_custom.txt is already at the end of file, nothing to read
Time: 534850 ns  Iteration: 1  Process: /project_tb/MEM  File: C:/Users/emili/Documents/SCUOLA/POLITECNICO/3ANNO/Progetto_reti_logiche/Progetto-Reti-Logiche-20-21/tests/RL-generator-2020-2021/gen_testbench_reset.vhd
Warning: TEXTIO function READ: line is empty
Time: 534850 ns  Iteration: 1  Process: /project_tb/MEM  File: C:/Users/emili/Documents/SCUOLA/POLITECNICO/3ANNO/Progetto_reti_logiche/Progetto-Reti-Logiche-20-21/tests/RL-generator-2020-2021/gen_testbench_reset.vhd
Error: File C:\Users\emili\Documents\SCUOLA\POLITECNICO\3ANNO\Progetto_reti_logiche\Progetto-Reti-Logiche-20-21\tests\RL-generator-2020-2021\ram_content_custom.txt is already at the end of file, nothing to read
Time: 534850 ns  Iteration: 1  Process: /project_tb/MEM  File: C:/Users/emili/Documents/SCUOLA/POLITECNICO/3ANNO/Progetto_reti_logiche/Progetto-Reti-Logiche-20-21/tests/RL-generator-2020-2021/gen_testbench_reset.vhd
Warning: TEXTIO function READ: line is empty
Time: 534850 ns  Iteration: 1  Process: /project_tb/MEM  File: C:/Users/emili/Documents/SCUOLA/POLITECNICO/3ANNO/Progetto_reti_logiche/Progetto-Reti-Logiche-20-21/tests/RL-generator-2020-2021/gen_testbench_reset.vhd
Error: File C:\Users\emili\Documents\SCUOLA\POLITECNICO\3ANNO\Progetto_reti_logiche\Progetto-Reti-Logiche-20-21\tests\RL-generator-2020-2021\ram_content_custom.txt is already at the end of file, nothing to read
Time: 534850 ns  Iteration: 1  Process: /project_tb/MEM  File: C:/Users/emili/Documents/SCUOLA/POLITECNICO/3ANNO/Progetto_reti_logiche/Progetto-Reti-Logiche-20-21/tests/RL-generator-2020-2021/gen_testbench_reset.vhd
Warning: TEXTIO function READ: line is empty
Time: 534850 ns  Iteration: 1  Process: /project_tb/MEM  File: C:/Users/emili/Documents/SCUOLA/POLITECNICO/3ANNO/Progetto_reti_logiche/Progetto-Reti-Logiche-20-21/tests/RL-generator-2020-2021/gen_testbench_reset.vhd
Error: File C:\Users\emili\Documents\SCUOLA\POLITECNICO\3ANNO\Progetto_reti_logiche\Progetto-Reti-Logiche-20-21\tests\RL-generator-2020-2021\ram_content_custom.txt is already at the end of file, nothing to read
Time: 534850 ns  Iteration: 1  Process: /project_tb/MEM  File: C:/Users/emili/Documents/SCUOLA/POLITECNICO/3ANNO/Progetto_reti_logiche/Progetto-Reti-Logiche-20-21/tests/RL-generator-2020-2021/gen_testbench_reset.vhd
Warning: TEXTIO function READ: line is empty
Time: 534850 ns  Iteration: 1  Process: /project_tb/MEM  File: C:/Users/emili/Documents/SCUOLA/POLITECNICO/3ANNO/Progetto_reti_logiche/Progetto-Reti-Logiche-20-21/tests/RL-generator-2020-2021/gen_testbench_reset.vhd
Error: File C:\Users\emili\Documents\SCUOLA\POLITECNICO\3ANNO\Progetto_reti_logiche\Progetto-Reti-Logiche-20-21\tests\RL-generator-2020-2021\ram_content_custom.txt is already at the end of file, nothing to read
Time: 534850 ns  Iteration: 1  Process: /project_tb/MEM  File: C:/Users/emili/Documents/SCUOLA/POLITECNICO/3ANNO/Progetto_reti_logiche/Progetto-Reti-Logiche-20-21/tests/RL-generator-2020-2021/gen_testbench_reset.vhd
Warning: TEXTIO function READ: line is empty
Time: 534850 ns  Iteration: 1  Process: /project_tb/MEM  File: C:/Users/emili/Documents/SCUOLA/POLITECNICO/3ANNO/Progetto_reti_logiche/Progetto-Reti-Logiche-20-21/tests/RL-generator-2020-2021/gen_testbench_reset.vhd
Error: File C:\Users\emili\Documents\SCUOLA\POLITECNICO\3ANNO\Progetto_reti_logiche\Progetto-Reti-Logiche-20-21\tests\RL-generator-2020-2021\ram_content_custom.txt is already at the end of file, nothing to read
Time: 534850 ns  Iteration: 1  Process: /project_tb/MEM  File: C:/Users/emili/Documents/SCUOLA/POLITECNICO/3ANNO/Progetto_reti_logiche/Progetto-Reti-Logiche-20-21/tests/RL-generator-2020-2021/gen_testbench_reset.vhd
Warning: TEXTIO function READ: line is empty
Time: 534850 ns  Iteration: 1  Process: /project_tb/MEM  File: C:/Users/emili/Documents/SCUOLA/POLITECNICO/3ANNO/Progetto_reti_logiche/Progetto-Reti-Logiche-20-21/tests/RL-generator-2020-2021/gen_testbench_reset.vhd
Error: File C:\Users\emili\Documents\SCUOLA\POLITECNICO\3ANNO\Progetto_reti_logiche\Progetto-Reti-Logiche-20-21\tests\RL-generator-2020-2021\ram_content_custom.txt is already at the end of file, nothing to read
Time: 534850 ns  Iteration: 1  Process: /project_tb/MEM  File: C:/Users/emili/Documents/SCUOLA/POLITECNICO/3ANNO/Progetto_reti_logiche/Progetto-Reti-Logiche-20-21/tests/RL-generator-2020-2021/gen_testbench_reset.vhd
Warning: TEXTIO function READ: line is empty
Time: 534850 ns  Iteration: 1  Process: /project_tb/MEM  File: C:/Users/emili/Documents/SCUOLA/POLITECNICO/3ANNO/Progetto_reti_logiche/Progetto-Reti-Logiche-20-21/tests/RL-generator-2020-2021/gen_testbench_reset.vhd
Error: File C:\Users\emili\Documents\SCUOLA\POLITECNICO\3ANNO\Progetto_reti_logiche\Progetto-Reti-Logiche-20-21\tests\RL-generator-2020-2021\ram_content_custom.txt is already at the end of file, nothing to read
Time: 534850 ns  Iteration: 1  Process: /project_tb/MEM  File: C:/Users/emili/Documents/SCUOLA/POLITECNICO/3ANNO/Progetto_reti_logiche/Progetto-Reti-Logiche-20-21/tests/RL-generator-2020-2021/gen_testbench_reset.vhd
Warning: TEXTIO function READ: line is empty
Time: 534850 ns  Iteration: 1  Process: /project_tb/MEM  File: C:/Users/emili/Documents/SCUOLA/POLITECNICO/3ANNO/Progetto_reti_logiche/Progetto-Reti-Logiche-20-21/tests/RL-generator-2020-2021/gen_testbench_reset.vhd
Error: File C:\Users\emili\Documents\SCUOLA\POLITECNICO\3ANNO\Progetto_reti_logiche\Progetto-Reti-Logiche-20-21\tests\RL-generator-2020-2021\ram_content_custom.txt is already at the end of file, nothing to read
Time: 534850 ns  Iteration: 1  Process: /project_tb/MEM  File: C:/Users/emili/Documents/SCUOLA/POLITECNICO/3ANNO/Progetto_reti_logiche/Progetto-Reti-Logiche-20-21/tests/RL-generator-2020-2021/gen_testbench_reset.vhd
Warning: TEXTIO function READ: line is empty
Time: 534850 ns  Iteration: 1  Process: /project_tb/MEM  File: C:/Users/emili/Documents/SCUOLA/POLITECNICO/3ANNO/Progetto_reti_logiche/Progetto-Reti-Logiche-20-21/tests/RL-generator-2020-2021/gen_testbench_reset.vhd
Error: File C:\Users\emili\Documents\SCUOLA\POLITECNICO\3ANNO\Progetto_reti_logiche\Progetto-Reti-Logiche-20-21\tests\RL-generator-2020-2021\ram_content_custom.txt is already at the end of file, nothing to read
Time: 534850 ns  Iteration: 1  Process: /project_tb/MEM  File: C:/Users/emili/Documents/SCUOLA/POLITECNICO/3ANNO/Progetto_reti_logiche/Progetto-Reti-Logiche-20-21/tests/RL-generator-2020-2021/gen_testbench_reset.vhd
Warning: TEXTIO function READ: line is empty
Time: 534850 ns  Iteration: 1  Process: /project_tb/MEM  File: C:/Users/emili/Documents/SCUOLA/POLITECNICO/3ANNO/Progetto_reti_logiche/Progetto-Reti-Logiche-20-21/tests/RL-generator-2020-2021/gen_testbench_reset.vhd
Error: File C:\Users\emili\Documents\SCUOLA\POLITECNICO\3ANNO\Progetto_reti_logiche\Progetto-Reti-Logiche-20-21\tests\RL-generator-2020-2021\ram_content_custom.txt is already at the end of file, nothing to read
Time: 534850 ns  Iteration: 1  Process: /project_tb/MEM  File: C:/Users/emili/Documents/SCUOLA/POLITECNICO/3ANNO/Progetto_reti_logiche/Progetto-Reti-Logiche-20-21/tests/RL-generator-2020-2021/gen_testbench_reset.vhd
Warning: TEXTIO function READ: line is empty
Time: 534850 ns  Iteration: 1  Process: /project_tb/MEM  File: C:/Users/emili/Documents/SCUOLA/POLITECNICO/3ANNO/Progetto_reti_logiche/Progetto-Reti-Logiche-20-21/tests/RL-generator-2020-2021/gen_testbench_reset.vhd
Error: File C:\Users\emili\Documents\SCUOLA\POLITECNICO\3ANNO\Progetto_reti_logiche\Progetto-Reti-Logiche-20-21\tests\RL-generator-2020-2021\ram_content_custom.txt is already at the end of file, nothing to read
Time: 534850 ns  Iteration: 1  Process: /project_tb/MEM  File: C:/Users/emili/Documents/SCUOLA/POLITECNICO/3ANNO/Progetto_reti_logiche/Progetto-Reti-Logiche-20-21/tests/RL-generator-2020-2021/gen_testbench_reset.vhd
Warning: TEXTIO function READ: line is empty
Time: 534850 ns  Iteration: 1  Process: /project_tb/MEM  File: C:/Users/emili/Documents/SCUOLA/POLITECNICO/3ANNO/Progetto_reti_logiche/Progetto-Reti-Logiche-20-21/tests/RL-generator-2020-2021/gen_testbench_reset.vhd
Error: File C:\Users\emili\Documents\SCUOLA\POLITECNICO\3ANNO\Progetto_reti_logiche\Progetto-Reti-Logiche-20-21\tests\RL-generator-2020-2021\ram_content_custom.txt is already at the end of file, nothing to read
Time: 534850 ns  Iteration: 1  Process: /project_tb/MEM  File: C:/Users/emili/Documents/SCUOLA/POLITECNICO/3ANNO/Progetto_reti_logiche/Progetto-Reti-Logiche-20-21/tests/RL-generator-2020-2021/gen_testbench_reset.vhd
Warning: TEXTIO function READ: line is empty
Time: 534850 ns  Iteration: 1  Process: /project_tb/MEM  File: C:/Users/emili/Documents/SCUOLA/POLITECNICO/3ANNO/Progetto_reti_logiche/Progetto-Reti-Logiche-20-21/tests/RL-generator-2020-2021/gen_testbench_reset.vhd
Error: File C:\Users\emili\Documents\SCUOLA\POLITECNICO\3ANNO\Progetto_reti_logiche\Progetto-Reti-Logiche-20-21\tests\RL-generator-2020-2021\ram_content_custom.txt is already at the end of file, nothing to read
Time: 534850 ns  Iteration: 1  Process: /project_tb/MEM  File: C:/Users/emili/Documents/SCUOLA/POLITECNICO/3ANNO/Progetto_reti_logiche/Progetto-Reti-Logiche-20-21/tests/RL-generator-2020-2021/gen_testbench_reset.vhd
Warning: TEXTIO function READ: line is empty
Time: 534850 ns  Iteration: 1  Process: /project_tb/MEM  File: C:/Users/emili/Documents/SCUOLA/POLITECNICO/3ANNO/Progetto_reti_logiche/Progetto-Reti-Logiche-20-21/tests/RL-generator-2020-2021/gen_testbench_reset.vhd
Error: File C:\Users\emili\Documents\SCUOLA\POLITECNICO\3ANNO\Progetto_reti_logiche\Progetto-Reti-Logiche-20-21\tests\RL-generator-2020-2021\ram_content_custom.txt is already at the end of file, nothing to read
Time: 534850 ns  Iteration: 1  Process: /project_tb/MEM  File: C:/Users/emili/Documents/SCUOLA/POLITECNICO/3ANNO/Progetto_reti_logiche/Progetto-Reti-Logiche-20-21/tests/RL-generator-2020-2021/gen_testbench_reset.vhd
Warning: TEXTIO function READ: line is empty
Time: 534850 ns  Iteration: 1  Process: /project_tb/MEM  File: C:/Users/emili/Documents/SCUOLA/POLITECNICO/3ANNO/Progetto_reti_logiche/Progetto-Reti-Logiche-20-21/tests/RL-generator-2020-2021/gen_testbench_reset.vhd
Error: File C:\Users\emili\Documents\SCUOLA\POLITECNICO\3ANNO\Progetto_reti_logiche\Progetto-Reti-Logiche-20-21\tests\RL-generator-2020-2021\ram_content_custom.txt is already at the end of file, nothing to read
Time: 534850 ns  Iteration: 1  Process: /project_tb/MEM  File: C:/Users/emili/Documents/SCUOLA/POLITECNICO/3ANNO/Progetto_reti_logiche/Progetto-Reti-Logiche-20-21/tests/RL-generator-2020-2021/gen_testbench_reset.vhd
Warning: TEXTIO function READ: line is empty
Time: 534850 ns  Iteration: 1  Process: /project_tb/MEM  File: C:/Users/emili/Documents/SCUOLA/POLITECNICO/3ANNO/Progetto_reti_logiche/Progetto-Reti-Logiche-20-21/tests/RL-generator-2020-2021/gen_testbench_reset.vhd
$finish called at time : 535850100 ps : File "C:/Users/emili/Documents/SCUOLA/POLITECNICO/3ANNO/Progetto_reti_logiche/Progetto-Reti-Logiche-20-21/tests/RL-generator-2020-2021/gen_testbench_reset.vhd" Line 159
