#-----------------------------------------------------------
# Vivado v2020.1 (64-bit)
# SW Build 2902540 on Wed May 27 19:54:49 MDT 2020
# IP Build 2902112 on Wed May 27 22:43:36 MDT 2020
# Start of session at: Tue Aug 10 01:27:42 2021
# Process ID: 10644
# Current directory: C:/Users/emili/Documents/SCUOLA/POLITECNICO/3ANNO/Progetto_reti_logiche/Progetto-Reti-Logiche-20-21/project_reti_logiche
# Command line: vivado.exe -gui_launcher_event rodinguilauncherevent17284 C:\Users\emili\Documents\SCUOLA\POLITECNICO\3ANNO\Progetto_reti_logiche\Progetto-Reti-Logiche-20-21\project_reti_logiche\project_reti_logiche.xpr
# Log file: C:/Users/emili/Documents/SCUOLA/POLITECNICO/3ANNO/Progetto_reti_logiche/Progetto-Reti-Logiche-20-21/project_reti_logiche/vivado.log
# Journal file: C:/Users/emili/Documents/SCUOLA/POLITECNICO/3ANNO/Progetto_reti_logiche/Progetto-Reti-Logiche-20-21/project_reti_logiche\vivado.jou
#-----------------------------------------------------------
start_gui
open_project C:/Users/emili/Documents/SCUOLA/POLITECNICO/3ANNO/Progetto_reti_logiche/Progetto-Reti-Logiche-20-21/project_reti_logiche/project_reti_logiche.xpr
INFO: [ProjectBase 1-489] The host OS only allows 260 characters in a normal path. The project is stored in a path with more than 80 characters. If you experience issues with IP, Block Designs, or files not being found, please consider moving the project to a location with a shorter path. Alternately consider using the OS subst command to map part of the path to a drive letter.
Current project path is 'C:/Users/emili/Documents/SCUOLA/POLITECNICO/3ANNO/Progetto_reti_logiche/Progetto-Reti-Logiche-20-21/project_reti_logiche'
INFO: [Project 1-313] Project file moved from 'C:/Users/emili/Documents/SCUOLA/POLITECNICO/3ANNO/1-Progetto_reti_logiche/Progetto-Reti-Logiche-20-21/project_reti_logiche' since last save.
Scanning sources...
Finished scanning sources
INFO: [IP_Flow 19-234] Refreshing IP repositories
INFO: [IP_Flow 19-1704] No user IP repositories specified
INFO: [IP_Flow 19-2313] Loaded Vivado IP repository 'C:/Vivado/2020.1/data/ip'.
open_project: Time (s): cpu = 00:00:22 ; elapsed = 00:00:10 . Memory (MB): peak = 1033.043 ; gain = 0.000
update_compile_order -fileset sources_1
launch_simulation
Command: launch_simulation 
INFO: [Vivado 12-5682] Launching behavioral simulation in 'C:/Users/emili/Documents/SCUOLA/POLITECNICO/3ANNO/Progetto_reti_logiche/Progetto-Reti-Logiche-20-21/project_reti_logiche/project_reti_logiche.sim/sim_1/behav/xsim'
INFO: [SIM-utils-51] Simulation object is 'sim_1'
INFO: [SIM-utils-54] Inspecting design source files for 'project_tb' in fileset 'sim_1'...
INFO: [USF-XSim-97] Finding global include files...
INFO: [USF-XSim-98] Fetching design files from 'sim_1'...
INFO: [USF-XSim-2] XSim::Compile design
INFO: [USF-XSim-61] Executing 'COMPILE and ANALYZE' step in 'C:/Users/emili/Documents/SCUOLA/POLITECNICO/3ANNO/Progetto_reti_logiche/Progetto-Reti-Logiche-20-21/project_reti_logiche/project_reti_logiche.sim/sim_1/behav/xsim'
"xvhdl --incr --relax -prj project_tb_vhdl.prj"
INFO: [VRFC 10-163] Analyzing VHDL file "C:/Users/emili/Documents/SCUOLA/POLITECNICO/3ANNO/Progetto_reti_logiche/Progetto-Reti-Logiche-20-21/project_reti_logiche/project_reti_logiche.srcs/sources_1/new/project_reti_logiche.vhd" into library xil_defaultlib
INFO: [VRFC 10-3107] analyzing entity 'project_reti_logiche'
INFO: [VRFC 10-163] Analyzing VHDL file "C:/Users/emili/Documents/SCUOLA/POLITECNICO/3ANNO/Progetto_reti_logiche/Testbench_example.vhd" into library xil_defaultlib
INFO: [VRFC 10-3107] analyzing entity 'project_tb'
INFO: [USF-XSim-69] 'compile' step finished in '2' seconds
INFO: [USF-XSim-3] XSim::Elaborate design
INFO: [USF-XSim-61] Executing 'ELABORATE' step in 'C:/Users/emili/Documents/SCUOLA/POLITECNICO/3ANNO/Progetto_reti_logiche/Progetto-Reti-Logiche-20-21/project_reti_logiche/project_reti_logiche.sim/sim_1/behav/xsim'
"xelab -wto fc9b0f61f5ff4d0ab88b4722b73405c1 --incr --debug typical --relax --mt 2 -L xil_defaultlib -L secureip --snapshot project_tb_behav xil_defaultlib.project_tb -log elaborate.log"
Vivado Simulator 2020.1
Copyright 1986-1999, 2001-2020 Xilinx, Inc. All Rights Reserved.
Running: C:/Vivado/2020.1/bin/unwrapped/win64.o/xelab.exe -wto fc9b0f61f5ff4d0ab88b4722b73405c1 --incr --debug typical --relax --mt 2 -L xil_defaultlib -L secureip --snapshot project_tb_behav xil_defaultlib.project_tb -log elaborate.log 
Using 2 slave threads.
Starting static elaboration
WARNING: [VRFC 10-4940] 'datapath' remains a black box since it has no binding entity [C:/Users/emili/Documents/SCUOLA/POLITECNICO/3ANNO/Progetto_reti_logiche/Progetto-Reti-Logiche-20-21/project_reti_logiche/project_reti_logiche.srcs/sources_1/new/project_reti_logiche.vhd:140]
Completed static elaboration
Starting simulation data flow analysis
Completed simulation data flow analysis
Time Resolution for simulation is 1ps
Compiling package std.standard
Compiling package std.textio
Compiling package ieee.std_logic_1164
Compiling package ieee.numeric_std
Compiling package ieee.std_logic_arith
Compiling package ieee.std_logic_unsigned
Compiling architecture behavioral of entity xil_defaultlib.project_reti_logiche [project_reti_logiche_default]
Compiling architecture projecttb of entity xil_defaultlib.project_tb
Built simulation snapshot project_tb_behav
INFO: [USF-XSim-69] 'elaborate' step finished in '4' seconds
INFO: [USF-XSim-4] XSim::Simulate design
INFO: [USF-XSim-61] Executing 'SIMULATE' step in 'C:/Users/emili/Documents/SCUOLA/POLITECNICO/3ANNO/Progetto_reti_logiche/Progetto-Reti-Logiche-20-21/project_reti_logiche/project_reti_logiche.sim/sim_1/behav/xsim'
INFO: [USF-XSim-98] *** Running xsim
   with args "project_tb_behav -key {Behavioral:sim_1:Functional:project_tb} -tclbatch {project_tb.tcl} -log {simulate.log}"
INFO: [USF-XSim-8] Loading simulator feature
Vivado Simulator 2020.1
Time resolution is 1 ps
ERROR: [Simulator 45-7] No such file 'C:/Users/emili/Documents/SCUOLA/POLITECNICO/3ANNO/1' in the design.

ERROR: [USF-XSim-62] 'simulate' step failed with errors. Please check the Tcl console or log files for more information.
ERROR: [Vivado 12-4473] Detected error while running simulation. Please correct the issue and retry this operation.
launch_simulation: Time (s): cpu = 00:00:06 ; elapsed = 00:00:09 . Memory (MB): peak = 1033.043 ; gain = 0.000
ERROR: [Common 17-39] 'launch_simulation' failed due to earlier errors.
INFO: [Simtcl 6-16] Simulation closed
launch_simulation
Command: launch_simulation 
INFO: [Vivado 12-5682] Launching behavioral simulation in 'C:/Users/emili/Documents/SCUOLA/POLITECNICO/3ANNO/Progetto_reti_logiche/Progetto-Reti-Logiche-20-21/project_reti_logiche/project_reti_logiche.sim/sim_1/behav/xsim'
INFO: [SIM-utils-51] Simulation object is 'sim_1'
INFO: [SIM-utils-54] Inspecting design source files for 'project_tb' in fileset 'sim_1'...
INFO: [USF-XSim-97] Finding global include files...
INFO: [USF-XSim-98] Fetching design files from 'sim_1'...
INFO: [USF-XSim-2] XSim::Compile design
INFO: [USF-XSim-61] Executing 'COMPILE and ANALYZE' step in 'C:/Users/emili/Documents/SCUOLA/POLITECNICO/3ANNO/Progetto_reti_logiche/Progetto-Reti-Logiche-20-21/project_reti_logiche/project_reti_logiche.sim/sim_1/behav/xsim'
"xvhdl --incr --relax -prj project_tb_vhdl.prj"
INFO: [VRFC 10-163] Analyzing VHDL file "C:/Users/emili/Documents/SCUOLA/POLITECNICO/3ANNO/Progetto_reti_logiche/Progetto-Reti-Logiche-20-21/project_reti_logiche/project_reti_logiche.srcs/sources_1/new/project_reti_logiche.vhd" into library xil_defaultlib
INFO: [VRFC 10-3107] analyzing entity 'project_reti_logiche'
INFO: [USF-XSim-69] 'compile' step finished in '2' seconds
INFO: [USF-XSim-3] XSim::Elaborate design
INFO: [USF-XSim-61] Executing 'ELABORATE' step in 'C:/Users/emili/Documents/SCUOLA/POLITECNICO/3ANNO/Progetto_reti_logiche/Progetto-Reti-Logiche-20-21/project_reti_logiche/project_reti_logiche.sim/sim_1/behav/xsim'
"xelab -wto fc9b0f61f5ff4d0ab88b4722b73405c1 --incr --debug typical --relax --mt 2 -L xil_defaultlib -L secureip --snapshot project_tb_behav xil_defaultlib.project_tb -log elaborate.log"
Vivado Simulator 2020.1
Copyright 1986-1999, 2001-2020 Xilinx, Inc. All Rights Reserved.
Running: C:/Vivado/2020.1/bin/unwrapped/win64.o/xelab.exe -wto fc9b0f61f5ff4d0ab88b4722b73405c1 --incr --debug typical --relax --mt 2 -L xil_defaultlib -L secureip --snapshot project_tb_behav xil_defaultlib.project_tb -log elaborate.log 
Using 2 slave threads.
Starting static elaboration
Completed static elaboration
Starting simulation data flow analysis
Completed simulation data flow analysis
Time Resolution for simulation is 1ps
Compiling package std.standard
Compiling package std.textio
Compiling package ieee.std_logic_1164
Compiling package ieee.numeric_std
Compiling package ieee.std_logic_arith
Compiling package ieee.std_logic_unsigned
Compiling architecture behavioral of entity xil_defaultlib.project_reti_logiche [project_reti_logiche_default]
Compiling architecture projecttb of entity xil_defaultlib.project_tb
Built simulation snapshot project_tb_behav
INFO: [USF-XSim-69] 'elaborate' step finished in '4' seconds
INFO: [USF-XSim-4] XSim::Simulate design
INFO: [USF-XSim-61] Executing 'SIMULATE' step in 'C:/Users/emili/Documents/SCUOLA/POLITECNICO/3ANNO/Progetto_reti_logiche/Progetto-Reti-Logiche-20-21/project_reti_logiche/project_reti_logiche.sim/sim_1/behav/xsim'
INFO: [USF-XSim-98] *** Running xsim
   with args "project_tb_behav -key {Behavioral:sim_1:Functional:project_tb} -tclbatch {project_tb.tcl} -log {simulate.log}"
INFO: [USF-XSim-8] Loading simulator feature
Vivado Simulator 2020.1
Time resolution is 1 ps
ERROR: [Simulator 45-7] No such file 'C:/Users/emili/Documents/SCUOLA/POLITECNICO/3ANNO/1' in the design.

ERROR: [USF-XSim-62] 'simulate' step failed with errors. Please check the Tcl console or log files for more information.
ERROR: [Vivado 12-4473] Detected error while running simulation. Please correct the issue and retry this operation.
launch_simulation: Time (s): cpu = 00:00:01 ; elapsed = 00:00:07 . Memory (MB): peak = 1033.043 ; gain = 0.000
ERROR: [Common 17-39] 'launch_simulation' failed due to earlier errors.
INFO: [Simtcl 6-16] Simulation closed
launch_simulation
Command: launch_simulation 
INFO: [Vivado 12-5682] Launching behavioral simulation in 'C:/Users/emili/Documents/SCUOLA/POLITECNICO/3ANNO/Progetto_reti_logiche/Progetto-Reti-Logiche-20-21/project_reti_logiche/project_reti_logiche.sim/sim_1/behav/xsim'
INFO: [SIM-utils-51] Simulation object is 'sim_1'
INFO: [SIM-utils-54] Inspecting design source files for 'project_tb' in fileset 'sim_1'...
INFO: [USF-XSim-97] Finding global include files...
INFO: [USF-XSim-98] Fetching design files from 'sim_1'...
INFO: [USF-XSim-2] XSim::Compile design
INFO: [USF-XSim-61] Executing 'COMPILE and ANALYZE' step in 'C:/Users/emili/Documents/SCUOLA/POLITECNICO/3ANNO/Progetto_reti_logiche/Progetto-Reti-Logiche-20-21/project_reti_logiche/project_reti_logiche.sim/sim_1/behav/xsim'
"xvhdl --incr --relax -prj project_tb_vhdl.prj"
INFO: [USF-XSim-69] 'compile' step finished in '2' seconds
INFO: [USF-XSim-3] XSim::Elaborate design
INFO: [USF-XSim-61] Executing 'ELABORATE' step in 'C:/Users/emili/Documents/SCUOLA/POLITECNICO/3ANNO/Progetto_reti_logiche/Progetto-Reti-Logiche-20-21/project_reti_logiche/project_reti_logiche.sim/sim_1/behav/xsim'
"xelab -wto fc9b0f61f5ff4d0ab88b4722b73405c1 --incr --debug typical --relax --mt 2 -L xil_defaultlib -L secureip --snapshot project_tb_behav xil_defaultlib.project_tb -log elaborate.log"
Vivado Simulator 2020.1
Copyright 1986-1999, 2001-2020 Xilinx, Inc. All Rights Reserved.
Running: C:/Vivado/2020.1/bin/unwrapped/win64.o/xelab.exe -wto fc9b0f61f5ff4d0ab88b4722b73405c1 --incr --debug typical --relax --mt 2 -L xil_defaultlib -L secureip --snapshot project_tb_behav xil_defaultlib.project_tb -log elaborate.log 
Using 2 slave threads.
Starting static elaboration
Completed static elaboration
INFO: [XSIM 43-4323] No Change in HDL. Linking previously generated obj files to create kernel
INFO: [USF-XSim-69] 'elaborate' step finished in '3' seconds
INFO: [USF-XSim-4] XSim::Simulate design
INFO: [USF-XSim-61] Executing 'SIMULATE' step in 'C:/Users/emili/Documents/SCUOLA/POLITECNICO/3ANNO/Progetto_reti_logiche/Progetto-Reti-Logiche-20-21/project_reti_logiche/project_reti_logiche.sim/sim_1/behav/xsim'
INFO: [USF-XSim-98] *** Running xsim
   with args "project_tb_behav -key {Behavioral:sim_1:Functional:project_tb} -tclbatch {project_tb.tcl} -log {simulate.log}"
INFO: [USF-XSim-8] Loading simulator feature
Vivado Simulator 2020.1
Time resolution is 1 ps
ERROR: [Simulator 45-7] No such file 'C:/Users/emili/Documents/SCUOLA/POLITECNICO/3ANNO/1' in the design.

ERROR: [USF-XSim-62] 'simulate' step failed with errors. Please check the Tcl console or log files for more information.
ERROR: [Vivado 12-4473] Detected error while running simulation. Please correct the issue and retry this operation.
launch_simulation: Time (s): cpu = 00:00:01 ; elapsed = 00:00:06 . Memory (MB): peak = 1033.043 ; gain = 0.000
ERROR: [Common 17-39] 'launch_simulation' failed due to earlier errors.
export_ip_user_files -of_objects  [get_files C:/Users/emili/Documents/SCUOLA/POLITECNICO/3ANNO/Progetto_reti_logiche/Progetto-Reti-Logiche-20-21/project_reti_logiche/project_reti_logiche.srcs/sources_1/new/project_reti_logiche.vhd] -no_script -reset -force -quiet
remove_files  C:/Users/emili/Documents/SCUOLA/POLITECNICO/3ANNO/Progetto_reti_logiche/Progetto-Reti-Logiche-20-21/project_reti_logiche/project_reti_logiche.srcs/sources_1/new/project_reti_logiche.vhd
add_files -norecurse C:/Users/emili/Documents/SCUOLA/POLITECNICO/3ANNO/Progetto_reti_logiche/Progetto-Reti-Logiche-20-21/project_reti_logiche/project_reti_logiche.srcs/sources_1/new/project_reti_logiche.vhd
INFO: [Simtcl 6-16] Simulation closed
launch_simulation
Command: launch_simulation 
INFO: [Vivado 12-5682] Launching behavioral simulation in 'C:/Users/emili/Documents/SCUOLA/POLITECNICO/3ANNO/Progetto_reti_logiche/Progetto-Reti-Logiche-20-21/project_reti_logiche/project_reti_logiche.sim/sim_1/behav/xsim'
INFO: [SIM-utils-51] Simulation object is 'sim_1'
INFO: [SIM-utils-54] Inspecting design source files for 'project_tb' in fileset 'sim_1'...
INFO: [USF-XSim-97] Finding global include files...
INFO: [USF-XSim-98] Fetching design files from 'sim_1'...
INFO: [USF-XSim-2] XSim::Compile design
INFO: [USF-XSim-61] Executing 'COMPILE and ANALYZE' step in 'C:/Users/emili/Documents/SCUOLA/POLITECNICO/3ANNO/Progetto_reti_logiche/Progetto-Reti-Logiche-20-21/project_reti_logiche/project_reti_logiche.sim/sim_1/behav/xsim'
"xvhdl --incr --relax -prj project_tb_vhdl.prj"
INFO: [USF-XSim-69] 'compile' step finished in '2' seconds
INFO: [USF-XSim-3] XSim::Elaborate design
INFO: [USF-XSim-61] Executing 'ELABORATE' step in 'C:/Users/emili/Documents/SCUOLA/POLITECNICO/3ANNO/Progetto_reti_logiche/Progetto-Reti-Logiche-20-21/project_reti_logiche/project_reti_logiche.sim/sim_1/behav/xsim'
"xelab -wto fc9b0f61f5ff4d0ab88b4722b73405c1 --incr --debug typical --relax --mt 2 -L xil_defaultlib -L secureip --snapshot project_tb_behav xil_defaultlib.project_tb -log elaborate.log"
Vivado Simulator 2020.1
Copyright 1986-1999, 2001-2020 Xilinx, Inc. All Rights Reserved.
Running: C:/Vivado/2020.1/bin/unwrapped/win64.o/xelab.exe -wto fc9b0f61f5ff4d0ab88b4722b73405c1 --incr --debug typical --relax --mt 2 -L xil_defaultlib -L secureip --snapshot project_tb_behav xil_defaultlib.project_tb -log elaborate.log 
Using 2 slave threads.
Starting static elaboration
Completed static elaboration
INFO: [XSIM 43-4323] No Change in HDL. Linking previously generated obj files to create kernel
INFO: [USF-XSim-69] 'elaborate' step finished in '2' seconds
INFO: [USF-XSim-4] XSim::Simulate design
INFO: [USF-XSim-61] Executing 'SIMULATE' step in 'C:/Users/emili/Documents/SCUOLA/POLITECNICO/3ANNO/Progetto_reti_logiche/Progetto-Reti-Logiche-20-21/project_reti_logiche/project_reti_logiche.sim/sim_1/behav/xsim'
INFO: [USF-XSim-98] *** Running xsim
   with args "project_tb_behav -key {Behavioral:sim_1:Functional:project_tb} -tclbatch {project_tb.tcl} -log {simulate.log}"
INFO: [USF-XSim-8] Loading simulator feature
Vivado Simulator 2020.1
Time resolution is 1 ps
ERROR: [Simulator 45-7] No such file 'C:/Users/emili/Documents/SCUOLA/POLITECNICO/3ANNO/1' in the design.

ERROR: [USF-XSim-62] 'simulate' step failed with errors. Please check the Tcl console or log files for more information.
ERROR: [Vivado 12-4473] Detected error while running simulation. Please correct the issue and retry this operation.
launch_simulation: Time (s): cpu = 00:00:02 ; elapsed = 00:00:06 . Memory (MB): peak = 1033.043 ; gain = 0.000
ERROR: [Common 17-39] 'launch_simulation' failed due to earlier errors.
INFO: [Simtcl 6-16] Simulation closed
launch_simulation
Command: launch_simulation 
INFO: [Vivado 12-5682] Launching behavioral simulation in 'C:/Users/emili/Documents/SCUOLA/POLITECNICO/3ANNO/Progetto_reti_logiche/Progetto-Reti-Logiche-20-21/project_reti_logiche/project_reti_logiche.sim/sim_1/behav/xsim'
INFO: [SIM-utils-51] Simulation object is 'sim_1'
INFO: [SIM-utils-54] Inspecting design source files for 'project_tb' in fileset 'sim_1'...
INFO: [USF-XSim-97] Finding global include files...
INFO: [USF-XSim-98] Fetching design files from 'sim_1'...
INFO: [USF-XSim-2] XSim::Compile design
INFO: [USF-XSim-61] Executing 'COMPILE and ANALYZE' step in 'C:/Users/emili/Documents/SCUOLA/POLITECNICO/3ANNO/Progetto_reti_logiche/Progetto-Reti-Logiche-20-21/project_reti_logiche/project_reti_logiche.sim/sim_1/behav/xsim'
"xvhdl --incr --relax -prj project_tb_vhdl.prj"
INFO: [USF-XSim-69] 'compile' step finished in '3' seconds
INFO: [USF-XSim-3] XSim::Elaborate design
INFO: [USF-XSim-61] Executing 'ELABORATE' step in 'C:/Users/emili/Documents/SCUOLA/POLITECNICO/3ANNO/Progetto_reti_logiche/Progetto-Reti-Logiche-20-21/project_reti_logiche/project_reti_logiche.sim/sim_1/behav/xsim'
"xelab -wto fc9b0f61f5ff4d0ab88b4722b73405c1 --incr --debug typical --relax --mt 2 -L xil_defaultlib -L secureip --snapshot project_tb_behav xil_defaultlib.project_tb -log elaborate.log"
Vivado Simulator 2020.1
Copyright 1986-1999, 2001-2020 Xilinx, Inc. All Rights Reserved.
Running: C:/Vivado/2020.1/bin/unwrapped/win64.o/xelab.exe -wto fc9b0f61f5ff4d0ab88b4722b73405c1 --incr --debug typical --relax --mt 2 -L xil_defaultlib -L secureip --snapshot project_tb_behav xil_defaultlib.project_tb -log elaborate.log 
Using 2 slave threads.
Starting static elaboration
Completed static elaboration
INFO: [XSIM 43-4323] No Change in HDL. Linking previously generated obj files to create kernel
INFO: [USF-XSim-69] 'elaborate' step finished in '2' seconds
INFO: [USF-XSim-4] XSim::Simulate design
INFO: [USF-XSim-61] Executing 'SIMULATE' step in 'C:/Users/emili/Documents/SCUOLA/POLITECNICO/3ANNO/Progetto_reti_logiche/Progetto-Reti-Logiche-20-21/project_reti_logiche/project_reti_logiche.sim/sim_1/behav/xsim'
INFO: [USF-XSim-98] *** Running xsim
   with args "project_tb_behav -key {Behavioral:sim_1:Functional:project_tb} -tclbatch {project_tb.tcl} -log {simulate.log}"
INFO: [USF-XSim-8] Loading simulator feature
Vivado Simulator 2020.1
Time resolution is 1 ps
ERROR: [Simulator 45-7] No such file 'C:/Users/emili/Documents/SCUOLA/POLITECNICO/3ANNO/1' in the design.

ERROR: [USF-XSim-62] 'simulate' step failed with errors. Please check the Tcl console or log files for more information.
ERROR: [Vivado 12-4473] Detected error while running simulation. Please correct the issue and retry this operation.
launch_simulation: Time (s): cpu = 00:00:01 ; elapsed = 00:00:06 . Memory (MB): peak = 1033.043 ; gain = 0.000
ERROR: [Common 17-39] 'launch_simulation' failed due to earlier errors.
exit
INFO: [Common 17-206] Exiting Vivado at Tue Aug 10 01:52:30 2021...
